# JRE version: Java(TM) SE Runtime Environment (7.0_45-b18) (build 1.7.0_45-b18)
# Java VM: Java HotSpot(TM) 64-Bit Server VM (24.45-b08 mixed mode windows-amd64 compressed oops)
Heap
 PSYoungGen      total 49664K, used 27229K [0x00000007d5800000, 0x00000007d9d80000, 0x0000000800000000)
  eden space 30208K, 87% used [0x00000007d5800000,0x00000007d71db1d8,0x00000007d7580000)
  from space 19456K, 3% used [0x00000007d8a80000,0x00000007d8b3c470,0x00000007d9d80000)
  to   space 20480K, 0% used [0x00000007d7580000,0x00000007d7580000,0x00000007d8980000)
 ParOldGen       total 87040K, used 33175K [0x0000000780800000, 0x0000000785d00000, 0x00000007d5800000)
  object space 87040K, 38% used [0x0000000780800000,0x0000000782865e30,0x0000000785d00000)
 PSPermGen       total 21504K, used 13228K [0x000000077b600000, 0x000000077cb00000, 0x0000000780800000)
  object space 21504K, 61% used [0x000000077b600000,0x000000077c2eb0a0,0x000000077cb00000)
GC Heap History (10 events):
Event: 53.356 GC heap before
{Heap before GC invocations=6 (full 0):
 PSYoungGen      total 37888K, used 37859K [0x00000007d5800000, 0x00000007d9f00000, 0x0000000800000000)
  eden space 32768K, 100% used [0x00000007d5800000,0x00000007d7800000,0x00000007d7800000)
  from space 5120K, 99% used [0x00000007d7880000,0x00000007d7d78d40,0x00000007d7d80000)
  to   space 19968K, 0% used [0x00000007d8b80000,0x00000007d8b80000,0x00000007d9f00000)
 ParOldGen       total 87040K, used 20886K [0x0000000780800000, 0x0000000785d00000, 0x00000007d5800000)
  object space 87040K, 23% used [0x0000000780800000,0x0000000781c65ac8,0x0000000785d00000)
 PSPermGen       total 21504K, used 13086K [0x000000077b600000, 0x000000077cb00000, 0x0000000780800000)
  object space 21504K, 60% used [0x000000077b600000,0x000000077c2c7a40,0x000000077cb00000)
Event: 53.362 GC heap after
Heap after GC invocations=6 (full 0):
 PSYoungGen      total 52224K, used 12932K [0x00000007d5800000, 0x00000007d9f80000, 0x0000000800000000)
  eden space 32256K, 0% used [0x00000007d5800000,0x00000007d5800000,0x00000007d7780000)
  from space 19968K, 64% used [0x00000007d8b80000,0x00000007d98211c0,0x00000007d9f00000)
  to   space 20480K, 0% used [0x00000007d7780000,0x00000007d7780000,0x00000007d8b80000)
 ParOldGen       total 87040K, used 20886K [0x0000000780800000, 0x0000000785d00000, 0x00000007d5800000)
  object space 87040K, 23% used [0x0000000780800000,0x0000000781c65ac8,0x0000000785d00000)
 PSPermGen       total 21504K, used 13086K [0x000000077b600000, 0x000000077cb00000, 0x0000000780800000)
  object space 21504K, 60% used [0x000000077b600000,0x000000077c2c7a40,0x000000077cb00000)
}
Event: 63.987 GC heap before
{Heap before GC invocations=7 (full 0):
 PSYoungGen      total 52224K, used 45188K [0x00000007d5800000, 0x00000007d9f80000, 0x0000000800000000)
  eden space 32256K, 100% used [0x00000007d5800000,0x00000007d7780000,0x00000007d7780000)
  from space 19968K, 64% used [0x00000007d8b80000,0x00000007d98211c0,0x00000007d9f00000)
  to   space 20480K, 0% used [0x00000007d7780000,0x00000007d7780000,0x00000007d8b80000)
 ParOldGen       total 87040K, used 20886K [0x0000000780800000, 0x0000000785d00000, 0x00000007d5800000)
  object space 87040K, 23% used [0x0000000780800000,0x0000000781c65ac8,0x0000000785d00000)
 PSPermGen       total 21504K, used 13118K [0x000000077b600000, 0x000000077cb00000, 0x0000000780800000)
  object space 21504K, 61% used [0x000000077b600000,0x000000077c2cf898,0x000000077cb00000)
Event: 63.992 GC heap after
Heap after GC invocations=7 (full 0):
 PSYoungGen      total 52224K, used 1107K [0x00000007d5800000, 0x00000007da000000, 0x0000000800000000)
  eden space 31744K, 0% used [0x00000007d5800000,0x00000007d5800000,0x00000007d7700000)
  from space 20480K, 5% used [0x00000007d7780000,0x00000007d7894d30,0x00000007d8b80000)
  to   space 20992K, 0% used [0x00000007d8b80000,0x00000007d8b80000,0x00000007da000000)
 ParOldGen       total 87040K, used 32844K [0x0000000780800000, 0x0000000785d00000, 0x00000007d5800000)
  object space 87040K, 37% used [0x0000000780800000,0x0000000782813060,0x0000000785d00000)
 PSPermGen       total 21504K, used 13118K [0x000000077b600000, 0x000000077cb00000, 0x0000000780800000)
  object space 21504K, 61% used [0x000000077b600000,0x000000077c2cf898,0x000000077cb00000)
}
Event: 73.879 GC heap before
{Heap before GC invocations=8 (full 0):
 PSYoungGen      total 52224K, used 32851K [0x00000007d5800000, 0x00000007da000000, 0x0000000800000000)
  eden space 31744K, 100% used [0x00000007d5800000,0x00000007d7700000,0x00000007d7700000)
  from space 20480K, 5% used [0x00000007d7780000,0x00000007d7894d30,0x00000007d8b80000)
  to   space 20992K, 0% used [0x00000007d8b80000,0x00000007d8b80000,0x00000007da000000)
 ParOldGen       total 87040K, used 32844K [0x0000000780800000, 0x0000000785d00000, 0x00000007d5800000)
  object space 87040K, 37% used [0x0000000780800000,0x0000000782813060,0x0000000785d00000)
 PSPermGen       total 21504K, used 13147K [0x000000077b600000, 0x000000077cb00000, 0x0000000780800000)
  object space 21504K, 61% used [0x000000077b600000,0x000000077c2d6cf0,0x000000077cb00000)
Event: 73.881 GC heap after
Heap after GC invocations=8 (full 0):
 PSYoungGen      total 51712K, used 914K [0x00000007d5800000, 0x00000007d9f80000, 0x0000000800000000)
  eden space 31232K, 0% used [0x00000007d5800000,0x00000007d5800000,0x00000007d7680000)
  from space 20480K, 4% used [0x00000007d8b80000,0x00000007d8c64b10,0x00000007d9f80000)
  to   space 20992K, 0% used [0x00000007d7680000,0x00000007d7680000,0x00000007d8b00000)
 ParOldGen       total 87040K, used 33030K [0x0000000780800000, 0x0000000785d00000, 0x00000007d5800000)
  object space 87040K, 37% used [0x0000000780800000,0x0000000782841980,0x0000000785d00000)
 PSPermGen       total 21504K, used 13147K [0x000000077b600000, 0x000000077cb00000, 0x0000000780800000)
  object space 21504K, 61% used [0x000000077b600000,0x000000077c2d6cf0,0x000000077cb00000)
}
Event: 83.471 GC heap before
{Heap before GC invocations=9 (full 0):
 PSYoungGen      total 51712K, used 32146K [0x00000007d5800000, 0x00000007d9f80000, 0x0000000800000000)
  eden space 31232K, 100% used [0x00000007d5800000,0x00000007d7680000,0x00000007d7680000)
  from space 20480K, 4% used [0x00000007d8b80000,0x00000007d8c64b10,0x00000007d9f80000)
  to   space 20992K, 0% used [0x00000007d7680000,0x00000007d7680000,0x00000007d8b00000)
 ParOldGen       total 87040K, used 33030K [0x0000000780800000, 0x0000000785d00000, 0x00000007d5800000)
  object space 87040K, 37% used [0x0000000780800000,0x0000000782841980,0x0000000785d00000)
 PSPermGen       total 21504K, used 13157K [0x000000077b600000, 0x000000077cb00000, 0x0000000780800000)
  object space 21504K, 61% used [0x000000077b600000,0x000000077c2d9708,0x000000077cb00000)
Event: 83.472 GC heap after
Heap after GC invocations=9 (full 0):
 PSYoungGen      total 31744K, used 850K [0x00000007d5800000, 0x00000007d9f00000, 0x0000000800000000)
  eden space 30720K, 0% used [0x00000007d5800000,0x00000007d5800000,0x00000007d7600000)
  from space 1024K, 83% used [0x00000007d7680000,0x00000007d7754b10,0x00000007d7780000)
  to   space 20992K, 0% used [0x00000007d8a80000,0x00000007d8a80000,0x00000007d9f00000)
 ParOldGen       total 87040K, used 33143K [0x0000000780800000, 0x0000000785d00000, 0x00000007d5800000)
  object space 87040K, 38% used [0x0000000780800000,0x000000078285de30,0x0000000785d00000)
 PSPermGen       total 21504K, used 13157K [0x000000077b600000, 0x000000077cb00000, 0x0000000780800000)
  object space 21504K, 61% used [0x000000077b600000,0x000000077c2d9708,0x000000077cb00000)
}
Event: 93.305 GC heap before
{Heap before GC invocations=10 (full 0):
 PSYoungGen      total 31744K, used 31570K [0x00000007d5800000, 0x00000007d9f00000, 0x0000000800000000)
  eden space 30720K, 100% used [0x00000007d5800000,0x00000007d7600000,0x00000007d7600000)
  from space 1024K, 83% used [0x00000007d7680000,0x00000007d7754b10,0x00000007d7780000)
  to   space 20992K, 0% used [0x00000007d8a80000,0x00000007d8a80000,0x00000007d9f00000)
 ParOldGen       total 87040K, used 33143K [0x0000000780800000, 0x0000000785d00000, 0x00000007d5800000)
  object space 87040K, 38% used [0x0000000780800000,0x000000078285de30,0x0000000785d00000)
 PSPermGen       total 21504K, used 13182K [0x000000077b600000, 0x000000077cb00000, 0x0000000780800000)
  object space 21504K, 61% used [0x000000077b600000,0x000000077c2dfb68,0x000000077cb00000)
Event: 93.307 GC heap after
Heap after GC invocations=10 (full 0):
 PSYoungGen      total 49664K, used 753K [0x00000007d5800000, 0x00000007d9d80000, 0x0000000800000000)
  eden space 30208K, 0% used [0x00000007d5800000,0x00000007d5800000,0x00000007d7580000)
  from space 19456K, 3% used [0x00000007d8a80000,0x00000007d8b3c470,0x00000007d9d80000)
  to   space 20480K, 0% used [0x00000007d7580000,0x00000007d7580000,0x00000007d8980000)
 ParOldGen       total 87040K, used 33175K [0x0000000780800000, 0x0000000785d00000, 0x00000007d5800000)
  object space 87040K, 38% used [0x0000000780800000,0x0000000782865e30,0x0000000785d00000)
 PSPermGen       total 21504K, used 13182K [0x000000077b600000, 0x000000077cb00000, 0x0000000780800000)
  object space 21504K, 61% used [0x000000077b600000,0x000000077c2dfb68,0x000000077cb00000)
}

